Sending row: {
  id: 'f55926ec-cdfb-46e2-9831-12a09b178fdb',
  user_id: 'adfbcf3b-21bc-4781-a515-3efa464a627e',
  title: 'Test Event',
  location: '',
  start_time: '2025-01-01T10:00',
  end_time: '2025-01-01T11:00',
  priority: 'medium',
  type: 'meeting',
  latitude: null,
  longitude: null,
  notes: null,
  has_conflict: false
}
400 Bad Request Error Details:
{
  code: 'PGRST204',
  details: null,
  hint: null,
  message: "Could not find the 'latitude' column of 'events' in the schema cache"
}
